{"/Users/mac/Desktop/Sprout/frontend/app-ignition-tag-registry/src/index.tsx": {"path":"/Users/mac/Desktop/Sprout/frontend/app-ignition-tag-registry/src/index.tsx","statementMap":{"0":{"start":{"line":13,"column":45},"end":{"line":40,"column":1}},"1":{"start":{"line":14,"column":19},"end":{"line":14,"column":35}},"2":{"start":{"line":15,"column":51},"end":{"line":15,"column":77}},"3":{"start":{"line":16,"column":47},"end":{"line":16,"column":69}},"4":{"start":{"line":18,"column":2},"end":{"line":18,"column":55}},"5":{"start":{"line":19,"column":2},"end":{"line":39,"column":4}},"6":{"start":{"line":26,"column":8},"end":{"line":33,"column":10}},"7":{"start":{"line":30,"column":12},"end":{"line":30,"column":100}},"8":{"start":{"line":37,"column":49},"end":{"line":37,"column":81}}},"fnMap":{"0":{"name":"(anonymous_0)","decl":{"start":{"line":13,"column":45},"end":{"line":13,"column":46}},"loc":{"start":{"line":13,"column":51},"end":{"line":40,"column":1}},"line":13},"1":{"name":"(anonymous_1)","decl":{"start":{"line":25,"column":38},"end":{"line":25,"column":39}},"loc":{"start":{"line":26,"column":8},"end":{"line":33,"column":10}},"line":26},"2":{"name":"(anonymous_2)","decl":{"start":{"line":29,"column":18},"end":{"line":29,"column":19}},"loc":{"start":{"line":30,"column":12},"end":{"line":30,"column":100}},"line":30},"3":{"name":"(anonymous_3)","decl":{"start":{"line":37,"column":43},"end":{"line":37,"column":44}},"loc":{"start":{"line":37,"column":49},"end":{"line":37,"column":81}},"line":37}},"branchMap":{"0":{"loc":{"start":{"line":19,"column":9},"end":{"line":39,"column":3}},"type":"cond-expr","locations":[{"start":{"line":20,"column":4},"end":{"line":22,"column":10}},{"start":{"line":24,"column":4},"end":{"line":38,"column":13}}],"line":19},"1":{"loc":{"start":{"line":19,"column":9},"end":{"line":19,"column":59}},"type":"binary-expr","locations":[{"start":{"line":19,"column":9},"end":{"line":19,"column":34}},{"start":{"line":19,"column":38},"end":{"line":19,"column":59}}],"line":19}},"s":{"0":0,"1":0,"2":0,"3":0,"4":0,"5":0,"6":0,"7":0,"8":0},"f":{"0":0,"1":0,"2":0,"3":0},"b":{"0":[0,0],"1":[0,0]}}
,"/Users/mac/Desktop/Sprout/frontend/app-ignition-tag-registry/src/paths.ts": {"path":"/Users/mac/Desktop/Sprout/frontend/app-ignition-tag-registry/src/paths.ts","statementMap":{"0":{"start":{"line":1,"column":18},"end":{"line":1,"column":42}},"1":{"start":{"line":3,"column":21},"end":{"line":6,"column":1}}},"fnMap":{},"branchMap":{},"s":{"0":0,"1":0},"f":{},"b":{}}
,"/Users/mac/Desktop/Sprout/frontend/app-ignition-tag-registry/src/routes.tsx": {"path":"/Users/mac/Desktop/Sprout/frontend/app-ignition-tag-registry/src/routes.tsx","statementMap":{"0":{"start":{"line":12,"column":66},"end":{"line":21,"column":1}}},"fnMap":{},"branchMap":{},"s":{"0":0},"f":{},"b":{}}
,"/Users/mac/Desktop/Sprout/frontend/app-ignition-tag-registry/src/bulk-create-tags-metrics-page/index.tsx": {"path":"/Users/mac/Desktop/Sprout/frontend/app-ignition-tag-registry/src/bulk-create-tags-metrics-page/index.tsx","statementMap":{"0":{"start":{"line":10,"column":20},"end":{"line":10,"column":22}},"1":{"start":{"line":14,"column":72},"end":{"line":26,"column":1}},"2":{"start":{"line":15,"column":2},"end":{"line":25,"column":4}}},"fnMap":{"0":{"name":"(anonymous_0)","decl":{"start":{"line":14,"column":72},"end":{"line":14,"column":73}},"loc":{"start":{"line":14,"column":78},"end":{"line":26,"column":1}},"line":14}},"branchMap":{},"s":{"0":0,"1":0,"2":0},"f":{"0":0},"b":{}}
,"/Users/mac/Desktop/Sprout/frontend/app-ignition-tag-registry/src/bulk-create-tags-metrics-page/components/index.tsx": {"path":"/Users/mac/Desktop/Sprout/frontend/app-ignition-tag-registry/src/bulk-create-tags-metrics-page/components/index.tsx","statementMap":{},"fnMap":{},"branchMap":{},"s":{},"f":{},"b":{}}
,"/Users/mac/Desktop/Sprout/frontend/app-ignition-tag-registry/src/bulk-create-tags-metrics-page/components/bulk-create-table/index.tsx": {"path":"/Users/mac/Desktop/Sprout/frontend/app-ignition-tag-registry/src/bulk-create-tags-metrics-page/components/bulk-create-table/index.tsx","statementMap":{"0":{"start":{"line":15,"column":38},"end":{"line":15,"column":114}},"1":{"start":{"line":16,"column":41},"end":{"line":16,"column":69}},"2":{"start":{"line":19,"column":2},"end":{"line":19,"column":26}},"3":{"start":{"line":26,"column":20},"end":{"line":26,"column":22}},"4":{"start":{"line":30,"column":41},"end":{"line":124,"column":1}},"5":{"start":{"line":31,"column":18},"end":{"line":31,"column":31}},"6":{"start":{"line":32,"column":22},"end":{"line":32,"column":36}},"7":{"start":{"line":33,"column":24},"end":{"line":33,"column":90}},"8":{"start":{"line":34,"column":36},"end":{"line":34,"column":66}},"9":{"start":{"line":35,"column":54},"end":{"line":35,"column":84}},"10":{"start":{"line":36,"column":36},"end":{"line":36,"column":65}},"11":{"start":{"line":37,"column":59},"end":{"line":37,"column":114}},"12":{"start":{"line":37,"column":85},"end":{"line":37,"column":100}},"13":{"start":{"line":38,"column":59},"end":{"line":44,"column":3}},"14":{"start":{"line":40,"column":6},"end":{"line":40,"column":83}},"15":{"start":{"line":40,"column":37},"end":{"line":40,"column":80}},"16":{"start":{"line":41,"column":6},"end":{"line":41,"column":35}},"17":{"start":{"line":45,"column":35},"end":{"line":45,"column":54}},"18":{"start":{"line":47,"column":45},"end":{"line":109,"column":3}},"19":{"start":{"line":48,"column":21},"end":{"line":48,"column":27}},"20":{"start":{"line":49,"column":4},"end":{"line":49,"column":23}},"21":{"start":{"line":51,"column":4},"end":{"line":108,"column":42}},"22":{"start":{"line":53,"column":29},"end":{"line":53,"column":59}},"23":{"start":{"line":54,"column":8},"end":{"line":57,"column":9}},"24":{"start":{"line":56,"column":10},"end":{"line":56,"column":17}},"25":{"start":{"line":60,"column":8},"end":{"line":60,"column":60}},"26":{"start":{"line":63,"column":8},"end":{"line":77,"column":9}},"27":{"start":{"line":64,"column":10},"end":{"line":68,"column":13}},"28":{"start":{"line":70,"column":24},"end":{"line":70,"column":51}},"29":{"start":{"line":73,"column":10},"end":{"line":76,"column":11}},"30":{"start":{"line":74,"column":12},"end":{"line":74,"column":72}},"31":{"start":{"line":75,"column":12},"end":{"line":75,"column":25}},"32":{"start":{"line":80,"column":8},"end":{"line":96,"column":9}},"33":{"start":{"line":81,"column":10},"end":{"line":95,"column":11}},"34":{"start":{"line":82,"column":12},"end":{"line":86,"column":15}},"35":{"start":{"line":88,"column":26},"end":{"line":88,"column":53}},"36":{"start":{"line":91,"column":12},"end":{"line":94,"column":13}},"37":{"start":{"line":92,"column":14},"end":{"line":92,"column":74}},"38":{"start":{"line":93,"column":14},"end":{"line":93,"column":27}},"39":{"start":{"line":99,"column":8},"end":{"line":99,"column":80}},"40":{"start":{"line":103,"column":8},"end":{"line":106,"column":9}},"41":{"start":{"line":103,"column":41},"end":{"line":103,"column":49}},"42":{"start":{"line":105,"column":10},"end":{"line":105,"column":38}},"43":{"start":{"line":108,"column":21},"end":{"line":108,"column":40}},"44":{"start":{"line":111,"column":2},"end":{"line":123,"column":4}}},"fnMap":{"0":{"name":"key","decl":{"start":{"line":18,"column":9},"end":{"line":18,"column":12}},"loc":{"start":{"line":18,"column":36},"end":{"line":20,"column":1}},"line":18},"1":{"name":"(anonymous_1)","decl":{"start":{"line":30,"column":41},"end":{"line":30,"column":42}},"loc":{"start":{"line":30,"column":47},"end":{"line":124,"column":1}},"line":30},"2":{"name":"(anonymous_2)","decl":{"start":{"line":37,"column":77},"end":{"line":37,"column":78}},"loc":{"start":{"line":37,"column":85},"end":{"line":37,"column":100}},"line":37},"3":{"name":"(anonymous_3)","decl":{"start":{"line":39,"column":4},"end":{"line":39,"column":5}},"loc":{"start":{"line":39,"column":29},"end":{"line":42,"column":5}},"line":39},"4":{"name":"(anonymous_4)","decl":{"start":{"line":40,"column":19},"end":{"line":40,"column":20}},"loc":{"start":{"line":40,"column":37},"end":{"line":40,"column":80}},"line":40},"5":{"name":"(anonymous_5)","decl":{"start":{"line":47,"column":45},"end":{"line":47,"column":46}},"loc":{"start":{"line":47,"column":62},"end":{"line":109,"column":3}},"line":47},"6":{"name":"(anonymous_6)","decl":{"start":{"line":52,"column":27},"end":{"line":52,"column":28}},"loc":{"start":{"line":52,"column":59},"end":{"line":100,"column":7}},"line":52},"7":{"name":"(anonymous_7)","decl":{"start":{"line":102,"column":12},"end":{"line":102,"column":13}},"loc":{"start":{"line":102,"column":25},"end":{"line":107,"column":7}},"line":102},"8":{"name":"(anonymous_8)","decl":{"start":{"line":103,"column":29},"end":{"line":103,"column":30}},"loc":{"start":{"line":103,"column":41},"end":{"line":103,"column":49}},"line":103},"9":{"name":"(anonymous_9)","decl":{"start":{"line":108,"column":15},"end":{"line":108,"column":16}},"loc":{"start":{"line":108,"column":21},"end":{"line":108,"column":40}},"line":108}},"branchMap":{"0":{"loc":{"start":{"line":54,"column":8},"end":{"line":57,"column":9}},"type":"if","locations":[{"start":{"line":54,"column":8},"end":{"line":57,"column":9}},{"start":{},"end":{}}],"line":54},"1":{"loc":{"start":{"line":73,"column":10},"end":{"line":76,"column":11}},"type":"if","locations":[{"start":{"line":73,"column":10},"end":{"line":76,"column":11}},{"start":{},"end":{}}],"line":73},"2":{"loc":{"start":{"line":80,"column":8},"end":{"line":96,"column":9}},"type":"if","locations":[{"start":{"line":80,"column":8},"end":{"line":96,"column":9}},{"start":{},"end":{}}],"line":80},"3":{"loc":{"start":{"line":80,"column":12},"end":{"line":80,"column":46}},"type":"binary-expr","locations":[{"start":{"line":80,"column":12},"end":{"line":80,"column":27}},{"start":{"line":80,"column":31},"end":{"line":80,"column":46}}],"line":80},"4":{"loc":{"start":{"line":91,"column":12},"end":{"line":94,"column":13}},"type":"if","locations":[{"start":{"line":91,"column":12},"end":{"line":94,"column":13}},{"start":{},"end":{}}],"line":91},"5":{"loc":{"start":{"line":103,"column":8},"end":{"line":106,"column":9}},"type":"if","locations":[{"start":{"line":103,"column":8},"end":{"line":106,"column":9}},{"start":{},"end":{}}],"line":103}},"s":{"0":0,"1":0,"2":0,"3":0,"4":0,"5":0,"6":0,"7":0,"8":0,"9":0,"10":0,"11":0,"12":0,"13":0,"14":0,"15":0,"16":0,"17":0,"18":0,"19":0,"20":0,"21":0,"22":0,"23":0,"24":0,"25":0,"26":0,"27":0,"28":0,"29":0,"30":0,"31":0,"32":0,"33":0,"34":0,"35":0,"36":0,"37":0,"38":0,"39":0,"40":0,"41":0,"42":0,"43":0,"44":0},"f":{"0":0,"1":0,"2":0,"3":0,"4":0,"5":0,"6":0,"7":0,"8":0,"9":0},"b":{"0":[0,0],"1":[0,0],"2":[0,0],"3":[0,0],"4":[0,0],"5":[0,0]}}
,"/Users/mac/Desktop/Sprout/frontend/app-ignition-tag-registry/src/bulk-create-tags-metrics-page/components/bulk-create-table/styles.ts": {"path":"/Users/mac/Desktop/Sprout/frontend/app-ignition-tag-registry/src/bulk-create-tags-metrics-page/components/bulk-create-table/styles.ts","statementMap":{"0":{"start":{"line":3,"column":25},"end":{"line":7,"column":3}},"1":{"start":{"line":3,"column":43},"end":{"line":7,"column":1}}},"fnMap":{"0":{"name":"(anonymous_0)","decl":{"start":{"line":3,"column":36},"end":{"line":3,"column":37}},"loc":{"start":{"line":3,"column":43},"end":{"line":7,"column":1}},"line":3}},"branchMap":{},"s":{"0":0,"1":0},"f":{"0":0},"b":{}}
,"/Users/mac/Desktop/Sprout/frontend/app-ignition-tag-registry/src/bulk-create-tags-metrics-page/components/bulk-create-table/test-helpers.tsx": {"path":"/Users/mac/Desktop/Sprout/frontend/app-ignition-tag-registry/src/bulk-create-tags-metrics-page/components/bulk-create-table/test-helpers.tsx","statementMap":{"0":{"start":{"line":18,"column":2},"end":{"line":24,"column":4}},"1":{"start":{"line":40,"column":2},"end":{"line":40,"column":64}},"2":{"start":{"line":41,"column":2},"end":{"line":41,"column":78}},"3":{"start":{"line":42,"column":2},"end":{"line":42,"column":70}},"4":{"start":{"line":43,"column":2},"end":{"line":43,"column":86}},"5":{"start":{"line":44,"column":2},"end":{"line":44,"column":86}},"6":{"start":{"line":45,"column":2},"end":{"line":45,"column":86}},"7":{"start":{"line":46,"column":2},"end":{"line":46,"column":62}},"8":{"start":{"line":47,"column":2},"end":{"line":47,"column":62}},"9":{"start":{"line":74,"column":2},"end":{"line":74,"column":66}},"10":{"start":{"line":74,"column":26},"end":{"line":74,"column":64}},"11":{"start":{"line":75,"column":2},"end":{"line":75,"column":68}},"12":{"start":{"line":75,"column":26},"end":{"line":75,"column":66}},"13":{"start":{"line":76,"column":2},"end":{"line":76,"column":80}},"14":{"start":{"line":76,"column":26},"end":{"line":76,"column":78}},"15":{"start":{"line":77,"column":2},"end":{"line":77,"column":67}},"16":{"start":{"line":77,"column":26},"end":{"line":77,"column":65}},"17":{"start":{"line":78,"column":2},"end":{"line":78,"column":69}},"18":{"start":{"line":78,"column":26},"end":{"line":78,"column":67}},"19":{"start":{"line":79,"column":2},"end":{"line":79,"column":69}},"20":{"start":{"line":79,"column":26},"end":{"line":79,"column":67}},"21":{"start":{"line":80,"column":2},"end":{"line":80,"column":71}},"22":{"start":{"line":80,"column":26},"end":{"line":80,"column":69}},"23":{"start":{"line":81,"column":2},"end":{"line":81,"column":77}},"24":{"start":{"line":81,"column":26},"end":{"line":81,"column":75}},"25":{"start":{"line":82,"column":2},"end":{"line":82,"column":67}},"26":{"start":{"line":82,"column":26},"end":{"line":82,"column":65}},"27":{"start":{"line":83,"column":2},"end":{"line":83,"column":71}},"28":{"start":{"line":83,"column":26},"end":{"line":83,"column":69}},"29":{"start":{"line":84,"column":2},"end":{"line":84,"column":73}},"30":{"start":{"line":84,"column":26},"end":{"line":84,"column":71}},"31":{"start":{"line":85,"column":2},"end":{"line":85,"column":93}},"32":{"start":{"line":85,"column":26},"end":{"line":85,"column":91}},"33":{"start":{"line":86,"column":2},"end":{"line":88,"column":3}},"34":{"start":{"line":87,"column":4},"end":{"line":87,"column":71}},"35":{"start":{"line":87,"column":28},"end":{"line":87,"column":69}},"36":{"start":{"line":89,"column":2},"end":{"line":91,"column":3}},"37":{"start":{"line":90,"column":4},"end":{"line":90,"column":71}},"38":{"start":{"line":90,"column":28},"end":{"line":90,"column":69}}},"fnMap":{"0":{"name":"renderBulkCreateTable","decl":{"start":{"line":17,"column":16},"end":{"line":17,"column":37}},"loc":{"start":{"line":17,"column":40},"end":{"line":25,"column":1}},"line":17},"1":{"name":"expectValues","decl":{"start":{"line":27,"column":16},"end":{"line":27,"column":28}},"loc":{"start":{"line":39,"column":2},"end":{"line":48,"column":1}},"line":39},"2":{"name":"changeValues","decl":{"start":{"line":61,"column":22},"end":{"line":61,"column":34}},"loc":{"start":{"line":73,"column":2},"end":{"line":92,"column":1}},"line":73},"3":{"name":"(anonymous_3)","decl":{"start":{"line":74,"column":20},"end":{"line":74,"column":21}},"loc":{"start":{"line":74,"column":26},"end":{"line":74,"column":64}},"line":74},"4":{"name":"(anonymous_4)","decl":{"start":{"line":75,"column":20},"end":{"line":75,"column":21}},"loc":{"start":{"line":75,"column":26},"end":{"line":75,"column":66}},"line":75},"5":{"name":"(anonymous_5)","decl":{"start":{"line":76,"column":20},"end":{"line":76,"column":21}},"loc":{"start":{"line":76,"column":26},"end":{"line":76,"column":78}},"line":76},"6":{"name":"(anonymous_6)","decl":{"start":{"line":77,"column":20},"end":{"line":77,"column":21}},"loc":{"start":{"line":77,"column":26},"end":{"line":77,"column":65}},"line":77},"7":{"name":"(anonymous_7)","decl":{"start":{"line":78,"column":20},"end":{"line":78,"column":21}},"loc":{"start":{"line":78,"column":26},"end":{"line":78,"column":67}},"line":78},"8":{"name":"(anonymous_8)","decl":{"start":{"line":79,"column":20},"end":{"line":79,"column":21}},"loc":{"start":{"line":79,"column":26},"end":{"line":79,"column":67}},"line":79},"9":{"name":"(anonymous_9)","decl":{"start":{"line":80,"column":20},"end":{"line":80,"column":21}},"loc":{"start":{"line":80,"column":26},"end":{"line":80,"column":69}},"line":80},"10":{"name":"(anonymous_10)","decl":{"start":{"line":81,"column":20},"end":{"line":81,"column":21}},"loc":{"start":{"line":81,"column":26},"end":{"line":81,"column":75}},"line":81},"11":{"name":"(anonymous_11)","decl":{"start":{"line":82,"column":20},"end":{"line":82,"column":21}},"loc":{"start":{"line":82,"column":26},"end":{"line":82,"column":65}},"line":82},"12":{"name":"(anonymous_12)","decl":{"start":{"line":83,"column":20},"end":{"line":83,"column":21}},"loc":{"start":{"line":83,"column":26},"end":{"line":83,"column":69}},"line":83},"13":{"name":"(anonymous_13)","decl":{"start":{"line":84,"column":20},"end":{"line":84,"column":21}},"loc":{"start":{"line":84,"column":26},"end":{"line":84,"column":71}},"line":84},"14":{"name":"(anonymous_14)","decl":{"start":{"line":85,"column":20},"end":{"line":85,"column":21}},"loc":{"start":{"line":85,"column":26},"end":{"line":85,"column":91}},"line":85},"15":{"name":"(anonymous_15)","decl":{"start":{"line":87,"column":22},"end":{"line":87,"column":23}},"loc":{"start":{"line":87,"column":28},"end":{"line":87,"column":69}},"line":87},"16":{"name":"(anonymous_16)","decl":{"start":{"line":90,"column":22},"end":{"line":90,"column":23}},"loc":{"start":{"line":90,"column":28},"end":{"line":90,"column":69}},"line":90}},"branchMap":{"0":{"loc":{"start":{"line":29,"column":2},"end":{"line":38,"column":8}},"type":"default-arg","locations":[{"start":{"line":38,"column":6},"end":{"line":38,"column":8}}],"line":29},"1":{"loc":{"start":{"line":30,"column":4},"end":{"line":30,"column":13}},"type":"default-arg","locations":[{"start":{"line":30,"column":11},"end":{"line":30,"column":13}}],"line":30},"2":{"loc":{"start":{"line":31,"column":4},"end":{"line":31,"column":20}},"type":"default-arg","locations":[{"start":{"line":31,"column":18},"end":{"line":31,"column":20}}],"line":31},"3":{"loc":{"start":{"line":32,"column":4},"end":{"line":32,"column":16}},"type":"default-arg","locations":[{"start":{"line":32,"column":14},"end":{"line":32,"column":16}}],"line":32},"4":{"loc":{"start":{"line":33,"column":4},"end":{"line":33,"column":24}},"type":"default-arg","locations":[{"start":{"line":33,"column":22},"end":{"line":33,"column":24}}],"line":33},"5":{"loc":{"start":{"line":34,"column":4},"end":{"line":34,"column":24}},"type":"default-arg","locations":[{"start":{"line":34,"column":22},"end":{"line":34,"column":24}}],"line":34},"6":{"loc":{"start":{"line":35,"column":4},"end":{"line":35,"column":24}},"type":"default-arg","locations":[{"start":{"line":35,"column":22},"end":{"line":35,"column":24}}],"line":35},"7":{"loc":{"start":{"line":36,"column":4},"end":{"line":36,"column":12}},"type":"default-arg","locations":[{"start":{"line":36,"column":10},"end":{"line":36,"column":12}}],"line":36},"8":{"loc":{"start":{"line":37,"column":4},"end":{"line":37,"column":12}},"type":"default-arg","locations":[{"start":{"line":37,"column":10},"end":{"line":37,"column":12}}],"line":37},"9":{"loc":{"start":{"line":86,"column":2},"end":{"line":88,"column":3}},"type":"if","locations":[{"start":{"line":86,"column":2},"end":{"line":88,"column":3}},{"start":{},"end":{}}],"line":86},"10":{"loc":{"start":{"line":89,"column":2},"end":{"line":91,"column":3}},"type":"if","locations":[{"start":{"line":89,"column":2},"end":{"line":91,"column":3}},{"start":{},"end":{}}],"line":89}},"s":{"0":0,"1":0,"2":0,"3":0,"4":0,"5":0,"6":0,"7":0,"8":0,"9":0,"10":0,"11":0,"12":0,"13":0,"14":0,"15":0,"16":0,"17":0,"18":0,"19":0,"20":0,"21":0,"22":0,"23":0,"24":0,"25":0,"26":0,"27":0,"28":0,"29":0,"30":0,"31":0,"32":0,"33":0,"34":0,"35":0,"36":0,"37":0,"38":0},"f":{"0":0,"1":0,"2":0,"3":0,"4":0,"5":0,"6":0,"7":0,"8":0,"9":0,"10":0,"11":0,"12":0,"13":0,"14":0,"15":0,"16":0},"b":{"0":[0],"1":[0],"2":[0],"3":[0],"4":[0],"5":[0],"6":[0],"7":[0],"8":[0],"9":[0,0],"10":[0,0]}}
,"/Users/mac/Desktop/Sprout/frontend/app-ignition-tag-registry/src/common/hooks/index.tsx": {"path":"/Users/mac/Desktop/Sprout/frontend/app-ignition-tag-registry/src/common/hooks/index.tsx","statementMap":{},"fnMap":{},"branchMap":{},"s":{},"f":{},"b":{},"_coverageSchema":"1a1c01bbd47fc00a2c39e90264f33305004495a9","hash":"9db5bb959a49e04e8d33fe66c4587c3f32b189f0"}
,"/Users/mac/Desktop/Sprout/frontend/app-ignition-tag-registry/src/common/hooks/use-side-nav-tree.tsx": {"path":"/Users/mac/Desktop/Sprout/frontend/app-ignition-tag-registry/src/common/hooks/use-side-nav-tree.tsx","statementMap":{"0":{"start":{"line":8,"column":30},"end":{"line":27,"column":1}},"1":{"start":{"line":9,"column":22},"end":{"line":9,"column":36}},"2":{"start":{"line":10,"column":19},"end":{"line":10,"column":73}},"3":{"start":{"line":12,"column":2},"end":{"line":16,"column":5}},"4":{"start":{"line":18,"column":2},"end":{"line":24,"column":3}},"5":{"start":{"line":19,"column":4},"end":{"line":23,"column":7}},"6":{"start":{"line":26,"column":2},"end":{"line":26,"column":18}}},"fnMap":{"0":{"name":"(anonymous_0)","decl":{"start":{"line":8,"column":30},"end":{"line":8,"column":31}},"loc":{"start":{"line":8,"column":53},"end":{"line":27,"column":1}},"line":8}},"branchMap":{"0":{"loc":{"start":{"line":18,"column":2},"end":{"line":24,"column":3}},"type":"if","locations":[{"start":{"line":18,"column":2},"end":{"line":24,"column":3}},{"start":{},"end":{}}],"line":18}},"s":{"0":0,"1":0,"2":0,"3":0,"4":0,"5":0,"6":0},"f":{"0":0},"b":{"0":[0,0]}}
,"/Users/mac/Desktop/Sprout/frontend/app-ignition-tag-registry/src/common/hooks/use-tag-form-gen-config.tsx": {"path":"/Users/mac/Desktop/Sprout/frontend/app-ignition-tag-registry/src/common/hooks/use-tag-form-gen-config.tsx","statementMap":{"0":{"start":{"line":16,"column":35},"end":{"line":118,"column":1}},"1":{"start":{"line":17,"column":21},"end":{"line":17,"column":33}},"2":{"start":{"line":18,"column":29},"end":{"line":18,"column":67}},"3":{"start":{"line":19,"column":72},"end":{"line":19,"column":98}},"4":{"start":{"line":20,"column":64},"end":{"line":20,"column":86}},"5":{"start":{"line":22,"column":2},"end":{"line":117,"column":4}},"6":{"start":{"line":28,"column":6},"end":{"line":33,"column":8}},"7":{"start":{"line":36,"column":6},"end":{"line":38,"column":7}},"8":{"start":{"line":37,"column":8},"end":{"line":37,"column":22}},"9":{"start":{"line":39,"column":33},"end":{"line":39,"column":93}},"10":{"start":{"line":39,"column":60},"end":{"line":39,"column":92}},"11":{"start":{"line":41,"column":6},"end":{"line":44,"column":8}},"12":{"start":{"line":51,"column":28},"end":{"line":51,"column":39}},"13":{"start":{"line":63,"column":30},"end":{"line":63,"column":48}},"14":{"start":{"line":65,"column":10},"end":{"line":74,"column":12}},"15":{"start":{"line":71,"column":41},"end":{"line":71,"column":51}},"16":{"start":{"line":99,"column":34},"end":{"line":99,"column":56}},"17":{"start":{"line":100,"column":26},"end":{"line":100,"column":92}},"18":{"start":{"line":101,"column":31},"end":{"line":101,"column":76}},"19":{"start":{"line":103,"column":10},"end":{"line":112,"column":12}}},"fnMap":{"0":{"name":"(anonymous_0)","decl":{"start":{"line":16,"column":35},"end":{"line":16,"column":36}},"loc":{"start":{"line":16,"column":106},"end":{"line":118,"column":1}},"line":16},"1":{"name":"(anonymous_1)","decl":{"start":{"line":27,"column":15},"end":{"line":27,"column":16}},"loc":{"start":{"line":27,"column":25},"end":{"line":34,"column":5}},"line":27},"2":{"name":"(anonymous_2)","decl":{"start":{"line":35,"column":17},"end":{"line":35,"column":18}},"loc":{"start":{"line":35,"column":27},"end":{"line":45,"column":5}},"line":35},"3":{"name":"(anonymous_3)","decl":{"start":{"line":39,"column":55},"end":{"line":39,"column":56}},"loc":{"start":{"line":39,"column":60},"end":{"line":39,"column":92}},"line":39},"4":{"name":"(anonymous_4)","decl":{"start":{"line":51,"column":18},"end":{"line":51,"column":19}},"loc":{"start":{"line":51,"column":28},"end":{"line":51,"column":39}},"line":51},"5":{"name":"(anonymous_5)","decl":{"start":{"line":62,"column":18},"end":{"line":62,"column":19}},"loc":{"start":{"line":62,"column":28},"end":{"line":75,"column":9}},"line":62},"6":{"name":"(anonymous_6)","decl":{"start":{"line":71,"column":33},"end":{"line":71,"column":34}},"loc":{"start":{"line":71,"column":41},"end":{"line":71,"column":51}},"line":71},"7":{"name":"(anonymous_7)","decl":{"start":{"line":98,"column":18},"end":{"line":98,"column":19}},"loc":{"start":{"line":98,"column":28},"end":{"line":113,"column":9}},"line":98}},"branchMap":{"0":{"loc":{"start":{"line":18,"column":29},"end":{"line":18,"column":67}},"type":"cond-expr","locations":[{"start":{"line":18,"column":42},"end":{"line":18,"column":53}},{"start":{"line":18,"column":56},"end":{"line":18,"column":67}}],"line":18},"1":{"loc":{"start":{"line":23,"column":15},"end":{"line":23,"column":71}},"type":"binary-expr","locations":[{"start":{"line":23,"column":15},"end":{"line":23,"column":39}},{"start":{"line":23,"column":43},"end":{"line":23,"column":71}}],"line":23},"2":{"loc":{"start":{"line":24,"column":11},"end":{"line":24,"column":49}},"type":"cond-expr","locations":[{"start":{"line":24,"column":24},"end":{"line":24,"column":34}},{"start":{"line":24,"column":37},"end":{"line":24,"column":49}}],"line":24},"3":{"loc":{"start":{"line":36,"column":6},"end":{"line":38,"column":7}},"type":"if","locations":[{"start":{"line":36,"column":6},"end":{"line":38,"column":7}},{"start":{},"end":{}}],"line":36},"4":{"loc":{"start":{"line":71,"column":41},"end":{"line":71,"column":51}},"type":"binary-expr","locations":[{"start":{"line":71,"column":41},"end":{"line":71,"column":45}},{"start":{"line":71,"column":49},"end":{"line":71,"column":51}}],"line":71},"5":{"loc":{"start":{"line":100,"column":26},"end":{"line":100,"column":92}},"type":"cond-expr","locations":[{"start":{"line":100,"column":44},"end":{"line":100,"column":87}},{"start":{"line":100,"column":90},"end":{"line":100,"column":92}}],"line":100},"6":{"loc":{"start":{"line":101,"column":31},"end":{"line":101,"column":76}},"type":"cond-expr","locations":[{"start":{"line":101,"column":54},"end":{"line":101,"column":64}},{"start":{"line":101,"column":67},"end":{"line":101,"column":76}}],"line":101}},"s":{"0":1,"1":2,"2":2,"3":2,"4":2,"5":2,"6":0,"7":0,"8":0,"9":0,"10":0,"11":0,"12":0,"13":0,"14":0,"15":0,"16":2,"17":2,"18":2,"19":2},"f":{"0":2,"1":0,"2":0,"3":0,"4":0,"5":0,"6":0,"7":2},"b":{"0":[2,0],"1":[2,0],"2":[2,0],"3":[0,0],"4":[0,0],"5":[2,0],"6":[1,1]},"_coverageSchema":"1a1c01bbd47fc00a2c39e90264f33305004495a9","hash":"349528dbfb9621acdc5996784b45b2de388097b8"}
,"/Users/mac/Desktop/Sprout/frontend/app-ignition-tag-registry/src/common/hooks/use-tags-ag-grid-config.tsx": {"path":"/Users/mac/Desktop/Sprout/frontend/app-ignition-tag-registry/src/common/hooks/use-tags-ag-grid-config.tsx","statementMap":{"0":{"start":{"line":12,"column":22},"end":{"line":24,"column":1}},"1":{"start":{"line":31,"column":35},"end":{"line":104,"column":1}},"2":{"start":{"line":32,"column":38},"end":{"line":32,"column":60}},"3":{"start":{"line":34,"column":2},"end":{"line":103,"column":4}},"4":{"start":{"line":94,"column":21},"end":{"line":94,"column":53}},"5":{"start":{"line":95,"column":24},"end":{"line":95,"column":77}},"6":{"start":{"line":97,"column":8},"end":{"line":100,"column":10}}},"fnMap":{"0":{"name":"(anonymous_0)","decl":{"start":{"line":31,"column":35},"end":{"line":31,"column":36}},"loc":{"start":{"line":31,"column":68},"end":{"line":104,"column":1}},"line":31},"1":{"name":"(anonymous_1)","decl":{"start":{"line":93,"column":33},"end":{"line":93,"column":34}},"loc":{"start":{"line":93,"column":77},"end":{"line":101,"column":7}},"line":93}},"branchMap":{},"s":{"0":1,"1":1,"2":0,"3":0,"4":0,"5":0,"6":0},"f":{"0":0,"1":0},"b":{},"_coverageSchema":"1a1c01bbd47fc00a2c39e90264f33305004495a9","hash":"6979ab33570d961a05acd238589c52cfb123616e"}
,"/Users/mac/Desktop/Sprout/frontend/app-ignition-tag-registry/src/common/hooks/use-tags-form-gen-config.tsx": {"path":"/Users/mac/Desktop/Sprout/frontend/app-ignition-tag-registry/src/common/hooks/use-tags-form-gen-config.tsx","statementMap":{"0":{"start":{"line":15,"column":36},"end":{"line":142,"column":1}},"1":{"start":{"line":16,"column":21},"end":{"line":16,"column":33}},"2":{"start":{"line":17,"column":29},"end":{"line":17,"column":67}},"3":{"start":{"line":18,"column":72},"end":{"line":18,"column":98}},"4":{"start":{"line":19,"column":64},"end":{"line":19,"column":86}},"5":{"start":{"line":21,"column":2},"end":{"line":141,"column":4}},"6":{"start":{"line":26,"column":6},"end":{"line":31,"column":8}},"7":{"start":{"line":34,"column":6},"end":{"line":36,"column":7}},"8":{"start":{"line":35,"column":8},"end":{"line":35,"column":22}},"9":{"start":{"line":38,"column":6},"end":{"line":44,"column":8}},"10":{"start":{"line":40,"column":38},"end":{"line":43,"column":9}},"11":{"start":{"line":42,"column":54},"end":{"line":42,"column":83}},"12":{"start":{"line":51,"column":30},"end":{"line":138,"column":9}},"13":{"start":{"line":56,"column":32},"end":{"line":56,"column":43}},"14":{"start":{"line":69,"column":34},"end":{"line":69,"column":80}},"15":{"start":{"line":71,"column":14},"end":{"line":81,"column":16}},"16":{"start":{"line":77,"column":45},"end":{"line":77,"column":55}},"17":{"start":{"line":107,"column":38},"end":{"line":107,"column":88}},"18":{"start":{"line":108,"column":30},"end":{"line":108,"column":96}},"19":{"start":{"line":109,"column":35},"end":{"line":109,"column":80}},"20":{"start":{"line":111,"column":14},"end":{"line":121,"column":16}}},"fnMap":{"0":{"name":"(anonymous_0)","decl":{"start":{"line":15,"column":36},"end":{"line":15,"column":37}},"loc":{"start":{"line":15,"column":109},"end":{"line":142,"column":1}},"line":15},"1":{"name":"(anonymous_1)","decl":{"start":{"line":25,"column":15},"end":{"line":25,"column":16}},"loc":{"start":{"line":25,"column":25},"end":{"line":32,"column":5}},"line":25},"2":{"name":"(anonymous_2)","decl":{"start":{"line":33,"column":17},"end":{"line":33,"column":18}},"loc":{"start":{"line":33,"column":27},"end":{"line":45,"column":5}},"line":33},"3":{"name":"(anonymous_3)","decl":{"start":{"line":40,"column":30},"end":{"line":40,"column":31}},"loc":{"start":{"line":40,"column":38},"end":{"line":43,"column":9}},"line":40},"4":{"name":"(anonymous_4)","decl":{"start":{"line":42,"column":49},"end":{"line":42,"column":50}},"loc":{"start":{"line":42,"column":54},"end":{"line":42,"column":83}},"line":42},"5":{"name":"(anonymous_5)","decl":{"start":{"line":51,"column":16},"end":{"line":51,"column":17}},"loc":{"start":{"line":51,"column":30},"end":{"line":138,"column":9}},"line":51},"6":{"name":"(anonymous_6)","decl":{"start":{"line":56,"column":22},"end":{"line":56,"column":23}},"loc":{"start":{"line":56,"column":32},"end":{"line":56,"column":43}},"line":56},"7":{"name":"(anonymous_7)","decl":{"start":{"line":68,"column":22},"end":{"line":68,"column":23}},"loc":{"start":{"line":68,"column":32},"end":{"line":82,"column":13}},"line":68},"8":{"name":"(anonymous_8)","decl":{"start":{"line":77,"column":37},"end":{"line":77,"column":38}},"loc":{"start":{"line":77,"column":45},"end":{"line":77,"column":55}},"line":77},"9":{"name":"(anonymous_9)","decl":{"start":{"line":106,"column":22},"end":{"line":106,"column":23}},"loc":{"start":{"line":106,"column":32},"end":{"line":122,"column":13}},"line":106}},"branchMap":{"0":{"loc":{"start":{"line":17,"column":29},"end":{"line":17,"column":67}},"type":"cond-expr","locations":[{"start":{"line":17,"column":42},"end":{"line":17,"column":53}},{"start":{"line":17,"column":56},"end":{"line":17,"column":67}}],"line":17},"1":{"loc":{"start":{"line":22,"column":15},"end":{"line":22,"column":71}},"type":"binary-expr","locations":[{"start":{"line":22,"column":15},"end":{"line":22,"column":39}},{"start":{"line":22,"column":43},"end":{"line":22,"column":71}}],"line":22},"2":{"loc":{"start":{"line":34,"column":6},"end":{"line":36,"column":7}},"type":"if","locations":[{"start":{"line":34,"column":6},"end":{"line":36,"column":7}},{"start":{},"end":{}}],"line":34},"3":{"loc":{"start":{"line":77,"column":45},"end":{"line":77,"column":55}},"type":"binary-expr","locations":[{"start":{"line":77,"column":45},"end":{"line":77,"column":49}},{"start":{"line":77,"column":53},"end":{"line":77,"column":55}}],"line":77},"4":{"loc":{"start":{"line":108,"column":30},"end":{"line":108,"column":96}},"type":"cond-expr","locations":[{"start":{"line":108,"column":48},"end":{"line":108,"column":91}},{"start":{"line":108,"column":94},"end":{"line":108,"column":96}}],"line":108},"5":{"loc":{"start":{"line":109,"column":35},"end":{"line":109,"column":80}},"type":"cond-expr","locations":[{"start":{"line":109,"column":58},"end":{"line":109,"column":68}},{"start":{"line":109,"column":71},"end":{"line":109,"column":80}}],"line":109}},"s":{"0":1,"1":0,"2":0,"3":0,"4":0,"5":0,"6":0,"7":0,"8":0,"9":0,"10":0,"11":0,"12":0,"13":0,"14":0,"15":0,"16":0,"17":0,"18":0,"19":0,"20":0},"f":{"0":0,"1":0,"2":0,"3":0,"4":0,"5":0,"6":0,"7":0,"8":0,"9":0},"b":{"0":[0,0],"1":[0,0],"2":[0,0],"3":[0,0],"4":[0,0],"5":[0,0]},"_coverageSchema":"1a1c01bbd47fc00a2c39e90264f33305004495a9","hash":"718639f2d4f3400cacb38231e0d3fbc2c4673b62"}
,"/Users/mac/Desktop/Sprout/frontend/app-ignition-tag-registry/src/common/hooks/use-fetch-tag-paths/index.ts": {"path":"/Users/mac/Desktop/Sprout/frontend/app-ignition-tag-registry/src/common/hooks/use-fetch-tag-paths/index.ts","statementMap":{"0":{"start":{"line":4,"column":29},"end":{"line":4,"column":95}},"1":{"start":{"line":14,"column":32},"end":{"line":33,"column":1}},"2":{"start":{"line":15,"column":34},"end":{"line":15,"column":60}},"3":{"start":{"line":16,"column":44},"end":{"line":19,"column":3}},"4":{"start":{"line":21,"column":2},"end":{"line":25,"column":13}},"5":{"start":{"line":22,"column":4},"end":{"line":24,"column":5}},"6":{"start":{"line":23,"column":6},"end":{"line":23,"column":24}},"7":{"start":{"line":27,"column":2},"end":{"line":32,"column":4}}},"fnMap":{"0":{"name":"(anonymous_0)","decl":{"start":{"line":14,"column":32},"end":{"line":14,"column":33}},"loc":{"start":{"line":14,"column":81},"end":{"line":33,"column":1}},"line":14},"1":{"name":"(anonymous_1)","decl":{"start":{"line":21,"column":18},"end":{"line":21,"column":19}},"loc":{"start":{"line":21,"column":24},"end":{"line":25,"column":3}},"line":21}},"branchMap":{"0":{"loc":{"start":{"line":22,"column":4},"end":{"line":24,"column":5}},"type":"if","locations":[{"start":{"line":22,"column":4},"end":{"line":24,"column":5}},{"start":{},"end":{}}],"line":22},"1":{"loc":{"start":{"line":30,"column":14},"end":{"line":30,"column":30}},"type":"binary-expr","locations":[{"start":{"line":30,"column":14},"end":{"line":30,"column":22}},{"start":{"line":30,"column":26},"end":{"line":30,"column":30}}],"line":30},"2":{"loc":{"start":{"line":31,"column":15},"end":{"line":31,"column":33}},"type":"binary-expr","locations":[{"start":{"line":31,"column":15},"end":{"line":31,"column":20}},{"start":{"line":31,"column":24},"end":{"line":31,"column":33}}],"line":31}},"s":{"0":1,"1":1,"2":0,"3":0,"4":0,"5":0,"6":0,"7":0},"f":{"0":0,"1":0},"b":{"0":[0,0],"1":[0,0],"2":[0,0]},"_coverageSchema":"1a1c01bbd47fc00a2c39e90264f33305004495a9","hash":"d10b5f6a438be87559f55a863395b4d47581cd0a"}
,"/Users/mac/Desktop/Sprout/frontend/app-ignition-tag-registry/src/common/hooks/use-fetch-tag-paths/test-helpers.ts": {"path":"/Users/mac/Desktop/Sprout/frontend/app-ignition-tag-registry/src/common/hooks/use-fetch-tag-paths/test-helpers.ts","statementMap":{"0":{"start":{"line":5,"column":0},"end":{"line":5,"column":79}},"1":{"start":{"line":8,"column":2},"end":{"line":8,"column":96}}},"fnMap":{"0":{"name":"mockUseFetchTagPaths","decl":{"start":{"line":7,"column":16},"end":{"line":7,"column":36}},"loc":{"start":{"line":7,"column":39},"end":{"line":9,"column":1}},"line":7}},"branchMap":{},"s":{"0":0,"1":0},"f":{"0":0},"b":{}}
,"/Users/mac/Desktop/Sprout/frontend/app-ignition-tag-registry/src/common/hooks/use-fetch-tag-providers/index.ts": {"path":"/Users/mac/Desktop/Sprout/frontend/app-ignition-tag-registry/src/common/hooks/use-fetch-tag-providers/index.ts","statementMap":{"0":{"start":{"line":4,"column":33},"end":{"line":4,"column":98}},"1":{"start":{"line":14,"column":36},"end":{"line":33,"column":1}},"2":{"start":{"line":15,"column":42},"end":{"line":15,"column":68}},"3":{"start":{"line":16,"column":44},"end":{"line":19,"column":3}},"4":{"start":{"line":21,"column":2},"end":{"line":25,"column":13}},"5":{"start":{"line":22,"column":4},"end":{"line":24,"column":5}},"6":{"start":{"line":23,"column":6},"end":{"line":23,"column":28}},"7":{"start":{"line":27,"column":2},"end":{"line":32,"column":4}}},"fnMap":{"0":{"name":"(anonymous_0)","decl":{"start":{"line":14,"column":36},"end":{"line":14,"column":37}},"loc":{"start":{"line":14,"column":70},"end":{"line":33,"column":1}},"line":14},"1":{"name":"(anonymous_1)","decl":{"start":{"line":21,"column":18},"end":{"line":21,"column":19}},"loc":{"start":{"line":21,"column":24},"end":{"line":25,"column":3}},"line":21}},"branchMap":{"0":{"loc":{"start":{"line":22,"column":4},"end":{"line":24,"column":5}},"type":"if","locations":[{"start":{"line":22,"column":4},"end":{"line":24,"column":5}},{"start":{},"end":{}}],"line":22},"1":{"loc":{"start":{"line":30,"column":18},"end":{"line":30,"column":38}},"type":"binary-expr","locations":[{"start":{"line":30,"column":18},"end":{"line":30,"column":30}},{"start":{"line":30,"column":34},"end":{"line":30,"column":38}}],"line":30},"2":{"loc":{"start":{"line":31,"column":15},"end":{"line":31,"column":33}},"type":"binary-expr","locations":[{"start":{"line":31,"column":15},"end":{"line":31,"column":20}},{"start":{"line":31,"column":24},"end":{"line":31,"column":33}}],"line":31}},"s":{"0":1,"1":1,"2":2,"3":2,"4":2,"5":2,"6":0,"7":2},"f":{"0":2,"1":2},"b":{"0":[0,2],"1":[2,2],"2":[2,2]},"_coverageSchema":"1a1c01bbd47fc00a2c39e90264f33305004495a9","hash":"71713489aaba28bce09111b3ec6ac33ab79f6596"}
,"/Users/mac/Desktop/Sprout/frontend/app-ignition-tag-registry/src/common/hooks/use-fetch-tag-providers/test-helpers.ts": {"path":"/Users/mac/Desktop/Sprout/frontend/app-ignition-tag-registry/src/common/hooks/use-fetch-tag-providers/test-helpers.ts","statementMap":{"0":{"start":{"line":5,"column":0},"end":{"line":5,"column":62}},"1":{"start":{"line":8,"column":2},"end":{"line":8,"column":108}}},"fnMap":{"0":{"name":"mockUseFetchTagProviders","decl":{"start":{"line":7,"column":16},"end":{"line":7,"column":40}},"loc":{"start":{"line":7,"column":43},"end":{"line":9,"column":1}},"line":7}},"branchMap":{},"s":{"0":0,"1":0},"f":{"0":0},"b":{}}
,"/Users/mac/Desktop/Sprout/frontend/app-ignition-tag-registry/src/common/test-helpers/index.tsx": {"path":"/Users/mac/Desktop/Sprout/frontend/app-ignition-tag-registry/src/common/test-helpers/index.tsx","statementMap":{},"fnMap":{},"branchMap":{},"s":{},"f":{},"b":{},"_coverageSchema":"1a1c01bbd47fc00a2c39e90264f33305004495a9","hash":"fefe11493471677e01c385636d0f54b1d70e9f1e"}
,"/Users/mac/Desktop/Sprout/frontend/app-ignition-tag-registry/src/common/test-helpers/measurementType.ts": {"path":"/Users/mac/Desktop/Sprout/frontend/app-ignition-tag-registry/src/common/test-helpers/measurementType.ts","statementMap":{"0":{"start":{"line":3,"column":62},"end":{"line":53,"column":1}}},"fnMap":{},"branchMap":{},"s":{"0":1},"f":{},"b":{},"_coverageSchema":"1a1c01bbd47fc00a2c39e90264f33305004495a9","hash":"f8f66ab5889029a988674f4d79133c6fb5292dbe"}
,"/Users/mac/Desktop/Sprout/frontend/app-ignition-tag-registry/src/common/test-helpers/tag-paths.ts": {"path":"/Users/mac/Desktop/Sprout/frontend/app-ignition-tag-registry/src/common/test-helpers/tag-paths.ts","statementMap":{"0":{"start":{"line":1,"column":38},"end":{"line":12,"column":1}}},"fnMap":{},"branchMap":{},"s":{"0":1},"f":{},"b":{},"_coverageSchema":"1a1c01bbd47fc00a2c39e90264f33305004495a9","hash":"1d8772df35bf7ddbfa94f4b5ca51fccc51cd1789"}
,"/Users/mac/Desktop/Sprout/frontend/app-ignition-tag-registry/src/common/test-helpers/tag-providers.ts": {"path":"/Users/mac/Desktop/Sprout/frontend/app-ignition-tag-registry/src/common/test-helpers/tag-providers.ts","statementMap":{"0":{"start":{"line":1,"column":42},"end":{"line":10,"column":1}}},"fnMap":{},"branchMap":{},"s":{"0":1},"f":{},"b":{},"_coverageSchema":"1a1c01bbd47fc00a2c39e90264f33305004495a9","hash":"f2f91e8f00fb682cfc2ab3d70512c92efb7a4487"}
,"/Users/mac/Desktop/Sprout/frontend/app-ignition-tag-registry/src/common/test-helpers/tags.ts": {"path":"/Users/mac/Desktop/Sprout/frontend/app-ignition-tag-registry/src/common/test-helpers/tags.ts","statementMap":{"0":{"start":{"line":3,"column":31},"end":{"line":34,"column":1}}},"fnMap":{},"branchMap":{},"s":{"0":1},"f":{},"b":{},"_coverageSchema":"1a1c01bbd47fc00a2c39e90264f33305004495a9","hash":"0cd2a9ae5bb2820692f6bf173e85c05d09dd059f"}
,"/Users/mac/Desktop/Sprout/frontend/app-ignition-tag-registry/src/common/test-helpers/use-swr-axios-impl.ts": {"path":"/Users/mac/Desktop/Sprout/frontend/app-ignition-tag-registry/src/common/test-helpers/use-swr-axios-impl.ts","statementMap":{"0":{"start":{"line":5,"column":31},"end":{"line":19,"column":1}},"1":{"start":{"line":6,"column":2},"end":{"line":8,"column":3}},"2":{"start":{"line":7,"column":4},"end":{"line":7,"column":70}},"3":{"start":{"line":10,"column":2},"end":{"line":16,"column":3}},"4":{"start":{"line":11,"column":4},"end":{"line":11,"column":63}},"5":{"start":{"line":12,"column":9},"end":{"line":16,"column":3}},"6":{"start":{"line":13,"column":4},"end":{"line":13,"column":59}},"7":{"start":{"line":14,"column":9},"end":{"line":16,"column":3}},"8":{"start":{"line":15,"column":4},"end":{"line":15,"column":55}},"9":{"start":{"line":18,"column":2},"end":{"line":18,"column":56}}},"fnMap":{"0":{"name":"(anonymous_0)","decl":{"start":{"line":5,"column":31},"end":{"line":5,"column":32}},"loc":{"start":{"line":5,"column":39},"end":{"line":19,"column":1}},"line":5}},"branchMap":{"0":{"loc":{"start":{"line":6,"column":2},"end":{"line":8,"column":3}},"type":"if","locations":[{"start":{"line":6,"column":2},"end":{"line":8,"column":3}},{"start":{},"end":{}}],"line":6},"1":{"loc":{"start":{"line":6,"column":6},"end":{"line":6,"column":24}},"type":"binary-expr","locations":[{"start":{"line":6,"column":6},"end":{"line":6,"column":11}},{"start":{"line":6,"column":15},"end":{"line":6,"column":24}}],"line":6},"2":{"loc":{"start":{"line":10,"column":2},"end":{"line":16,"column":3}},"type":"if","locations":[{"start":{"line":10,"column":2},"end":{"line":16,"column":3}},{"start":{"line":12,"column":9},"end":{"line":16,"column":3}}],"line":10},"3":{"loc":{"start":{"line":12,"column":9},"end":{"line":16,"column":3}},"type":"if","locations":[{"start":{"line":12,"column":9},"end":{"line":16,"column":3}},{"start":{"line":14,"column":9},"end":{"line":16,"column":3}}],"line":12},"4":{"loc":{"start":{"line":14,"column":9},"end":{"line":16,"column":3}},"type":"if","locations":[{"start":{"line":14,"column":9},"end":{"line":16,"column":3}},{"start":{},"end":{}}],"line":14}},"s":{"0":1,"1":0,"2":0,"3":0,"4":0,"5":0,"6":0,"7":0,"8":0,"9":0},"f":{"0":0},"b":{"0":[0,0],"1":[0,0],"2":[0,0],"3":[0,0],"4":[0,0]},"_coverageSchema":"1a1c01bbd47fc00a2c39e90264f33305004495a9","hash":"a872f962824cf043475480d4af1dfe38423d2d16"}
,"/Users/mac/Desktop/Sprout/frontend/app-ignition-tag-registry/src/common/types/index.ts": {"path":"/Users/mac/Desktop/Sprout/frontend/app-ignition-tag-registry/src/common/types/index.ts","statementMap":{"0":{"start":{"line":21,"column":28},"end":{"line":21,"column":61}},"1":{"start":{"line":23,"column":29},"end":{"line":30,"column":1}}},"fnMap":{},"branchMap":{},"s":{"0":1,"1":1},"f":{},"b":{},"_coverageSchema":"1a1c01bbd47fc00a2c39e90264f33305004495a9","hash":"ed49ad485987ebef1b630d77dc1a97b2d8280dcb"}
,"/Users/mac/Desktop/Sprout/frontend/app-ignition-tag-registry/src/common/utils/index.ts": {"path":"/Users/mac/Desktop/Sprout/frontend/app-ignition-tag-registry/src/common/utils/index.ts","statementMap":{},"fnMap":{},"branchMap":{},"s":{},"f":{},"b":{}}
,"/Users/mac/Desktop/Sprout/frontend/app-ignition-tag-registry/src/common/utils/serialize-metric.ts": {"path":"/Users/mac/Desktop/Sprout/frontend/app-ignition-tag-registry/src/common/utils/serialize-metric.ts","statementMap":{"0":{"start":{"line":9,"column":29},"end":{"line":9,"column":67}},"1":{"start":{"line":11,"column":2},"end":{"line":20,"column":4}}},"fnMap":{"0":{"name":"serializeMetric","decl":{"start":{"line":8,"column":16},"end":{"line":8,"column":31}},"loc":{"start":{"line":8,"column":109},"end":{"line":21,"column":1}},"line":8}},"branchMap":{"0":{"loc":{"start":{"line":9,"column":29},"end":{"line":9,"column":67}},"type":"cond-expr","locations":[{"start":{"line":9,"column":42},"end":{"line":9,"column":53}},{"start":{"line":9,"column":56},"end":{"line":9,"column":67}}],"line":9}},"s":{"0":0,"1":0},"f":{"0":0},"b":{"0":[0,0]}}
,"/Users/mac/Desktop/Sprout/frontend/app-ignition-tag-registry/src/common/utils/serialize-tag.ts": {"path":"/Users/mac/Desktop/Sprout/frontend/app-ignition-tag-registry/src/common/utils/serialize-tag.ts","statementMap":{"0":{"start":{"line":8,"column":29},"end":{"line":8,"column":67}},"1":{"start":{"line":9,"column":2},"end":{"line":14,"column":4}}},"fnMap":{"0":{"name":"serializeTag","decl":{"start":{"line":7,"column":16},"end":{"line":7,"column":28}},"loc":{"start":{"line":7,"column":81},"end":{"line":15,"column":1}},"line":7}},"branchMap":{"0":{"loc":{"start":{"line":8,"column":29},"end":{"line":8,"column":67}},"type":"cond-expr","locations":[{"start":{"line":8,"column":42},"end":{"line":8,"column":53}},{"start":{"line":8,"column":56},"end":{"line":8,"column":67}}],"line":8}},"s":{"0":0,"1":0},"f":{"0":0},"b":{"0":[0,0]}}
,"/Users/mac/Desktop/Sprout/frontend/app-ignition-tag-registry/src/tags-page/index.tsx": {"path":"/Users/mac/Desktop/Sprout/frontend/app-ignition-tag-registry/src/tags-page/index.tsx","statementMap":{"0":{"start":{"line":13,"column":55},"end":{"line":69,"column":1}},"1":{"start":{"line":14,"column":36},"end":{"line":14,"column":65}},"2":{"start":{"line":15,"column":46},"end":{"line":15,"column":82}},"3":{"start":{"line":16,"column":36},"end":{"line":16,"column":64}},"4":{"start":{"line":17,"column":42},"end":{"line":17,"column":67}},"5":{"start":{"line":18,"column":27},"end":{"line":18,"column":48}},"6":{"start":{"line":20,"column":24},"end":{"line":23,"column":3}},"7":{"start":{"line":21,"column":4},"end":{"line":21,"column":63}},"8":{"start":{"line":22,"column":4},"end":{"line":22,"column":37}},"9":{"start":{"line":25,"column":68},"end":{"line":27,"column":3}},"10":{"start":{"line":26,"column":4},"end":{"line":26,"column":36}},"11":{"start":{"line":29,"column":66},"end":{"line":31,"column":3}},"12":{"start":{"line":30,"column":4},"end":{"line":30,"column":58}},"13":{"start":{"line":33,"column":2},"end":{"line":68,"column":4}}},"fnMap":{"0":{"name":"(anonymous_0)","decl":{"start":{"line":13,"column":55},"end":{"line":13,"column":56}},"loc":{"start":{"line":13,"column":61},"end":{"line":69,"column":1}},"line":13},"1":{"name":"(anonymous_1)","decl":{"start":{"line":20,"column":24},"end":{"line":20,"column":25}},"loc":{"start":{"line":20,"column":30},"end":{"line":23,"column":3}},"line":20},"2":{"name":"(anonymous_2)","decl":{"start":{"line":25,"column":68},"end":{"line":25,"column":69}},"loc":{"start":{"line":25,"column":78},"end":{"line":27,"column":3}},"line":25},"3":{"name":"(anonymous_3)","decl":{"start":{"line":29,"column":66},"end":{"line":29,"column":67}},"loc":{"start":{"line":29,"column":72},"end":{"line":31,"column":3}},"line":29}},"branchMap":{"0":{"loc":{"start":{"line":38,"column":24},"end":{"line":38,"column":84}},"type":"cond-expr","locations":[{"start":{"line":38,"column":36},"end":{"line":38,"column":66}},{"start":{"line":38,"column":69},"end":{"line":38,"column":84}}],"line":38}},"s":{"0":0,"1":0,"2":0,"3":0,"4":0,"5":0,"6":0,"7":0,"8":0,"9":0,"10":0,"11":0,"12":0,"13":0},"f":{"0":0,"1":0,"2":0,"3":0},"b":{"0":[0,0]}}
,"/Users/mac/Desktop/Sprout/frontend/app-ignition-tag-registry/src/tags-page/components/index.tsx": {"path":"/Users/mac/Desktop/Sprout/frontend/app-ignition-tag-registry/src/tags-page/components/index.tsx","statementMap":{},"fnMap":{},"branchMap":{},"s":{},"f":{},"b":{}}
,"/Users/mac/Desktop/Sprout/frontend/app-ignition-tag-registry/src/tags-page/components/button-commit/index.tsx": {"path":"/Users/mac/Desktop/Sprout/frontend/app-ignition-tag-registry/src/tags-page/components/button-commit/index.tsx","statementMap":{"0":{"start":{"line":12,"column":20},"end":{"line":15,"column":1}},"1":{"start":{"line":30,"column":52},"end":{"line":61,"column":1}},"2":{"start":{"line":31,"column":19},"end":{"line":31,"column":38}},"3":{"start":{"line":32,"column":26},"end":{"line":32,"column":56}},"4":{"start":{"line":34,"column":57},"end":{"line":46,"column":3}},"5":{"start":{"line":35,"column":4},"end":{"line":45,"column":5}},"6":{"start":{"line":36,"column":6},"end":{"line":39,"column":9}},"7":{"start":{"line":40,"column":6},"end":{"line":40,"column":18}},"8":{"start":{"line":42,"column":6},"end":{"line":42,"column":109}},"9":{"start":{"line":44,"column":6},"end":{"line":44,"column":21}},"10":{"start":{"line":48,"column":2},"end":{"line":60,"column":4}},"11":{"start":{"line":50,"column":67},"end":{"line":50,"column":80}},"12":{"start":{"line":57,"column":24},"end":{"line":57,"column":38}}},"fnMap":{"0":{"name":"(anonymous_0)","decl":{"start":{"line":30,"column":52},"end":{"line":30,"column":53}},"loc":{"start":{"line":30,"column":71},"end":{"line":61,"column":1}},"line":30},"1":{"name":"(anonymous_1)","decl":{"start":{"line":34,"column":57},"end":{"line":34,"column":58}},"loc":{"start":{"line":34,"column":69},"end":{"line":46,"column":3}},"line":34},"2":{"name":"(anonymous_2)","decl":{"start":{"line":50,"column":61},"end":{"line":50,"column":62}},"loc":{"start":{"line":50,"column":67},"end":{"line":50,"column":80}},"line":50},"3":{"name":"(anonymous_3)","decl":{"start":{"line":57,"column":18},"end":{"line":57,"column":19}},"loc":{"start":{"line":57,"column":24},"end":{"line":57,"column":38}},"line":57}},"branchMap":{},"s":{"0":0,"1":0,"2":0,"3":0,"4":0,"5":0,"6":0,"7":0,"8":0,"9":0,"10":0,"11":0,"12":0},"f":{"0":0,"1":0,"2":0,"3":0},"b":{}}
,"/Users/mac/Desktop/Sprout/frontend/app-ignition-tag-registry/src/tags-page/components/button-create-tag/index.tsx": {"path":"/Users/mac/Desktop/Sprout/frontend/app-ignition-tag-registry/src/tags-page/components/button-create-tag/index.tsx","statementMap":{"0":{"start":{"line":10,"column":20},"end":{"line":13,"column":1}},"1":{"start":{"line":24,"column":58},"end":{"line":49,"column":1}},"2":{"start":{"line":25,"column":26},"end":{"line":25,"column":56}},"3":{"start":{"line":26,"column":22},"end":{"line":26,"column":36}},"4":{"start":{"line":27,"column":24},"end":{"line":27,"column":90}},"5":{"start":{"line":29,"column":24},"end":{"line":32,"column":3}},"6":{"start":{"line":30,"column":4},"end":{"line":30,"column":19}},"7":{"start":{"line":31,"column":4},"end":{"line":31,"column":29}},"8":{"start":{"line":34,"column":2},"end":{"line":48,"column":4}},"9":{"start":{"line":36,"column":82},"end":{"line":36,"column":95}},"10":{"start":{"line":41,"column":23},"end":{"line":41,"column":37}}},"fnMap":{"0":{"name":"(anonymous_0)","decl":{"start":{"line":24,"column":58},"end":{"line":24,"column":59}},"loc":{"start":{"line":24,"column":77},"end":{"line":49,"column":1}},"line":24},"1":{"name":"(anonymous_1)","decl":{"start":{"line":29,"column":24},"end":{"line":29,"column":25}},"loc":{"start":{"line":29,"column":36},"end":{"line":32,"column":3}},"line":29},"2":{"name":"(anonymous_2)","decl":{"start":{"line":36,"column":76},"end":{"line":36,"column":77}},"loc":{"start":{"line":36,"column":82},"end":{"line":36,"column":95}},"line":36},"3":{"name":"(anonymous_3)","decl":{"start":{"line":41,"column":17},"end":{"line":41,"column":18}},"loc":{"start":{"line":41,"column":23},"end":{"line":41,"column":37}},"line":41}},"branchMap":{},"s":{"0":0,"1":0,"2":0,"3":0,"4":0,"5":0,"6":0,"7":0,"8":0,"9":0,"10":0},"f":{"0":0,"1":0,"2":0,"3":0},"b":{}}
,"/Users/mac/Desktop/Sprout/frontend/app-ignition-tag-registry/src/tags-page/components/button-edit-tag/index.tsx": {"path":"/Users/mac/Desktop/Sprout/frontend/app-ignition-tag-registry/src/tags-page/components/button-edit-tag/index.tsx","statementMap":{"0":{"start":{"line":11,"column":20},"end":{"line":14,"column":1}},"1":{"start":{"line":27,"column":54},"end":{"line":61,"column":1}},"2":{"start":{"line":28,"column":26},"end":{"line":28,"column":56}},"3":{"start":{"line":29,"column":22},"end":{"line":29,"column":36}},"4":{"start":{"line":30,"column":24},"end":{"line":30,"column":95}},"5":{"start":{"line":32,"column":24},"end":{"line":35,"column":3}},"6":{"start":{"line":33,"column":4},"end":{"line":33,"column":19}},"7":{"start":{"line":34,"column":4},"end":{"line":34,"column":29}},"8":{"start":{"line":37,"column":2},"end":{"line":60,"column":4}},"9":{"start":{"line":42,"column":23},"end":{"line":42,"column":36}},"10":{"start":{"line":51,"column":23},"end":{"line":51,"column":37}}},"fnMap":{"0":{"name":"(anonymous_0)","decl":{"start":{"line":27,"column":54},"end":{"line":27,"column":55}},"loc":{"start":{"line":27,"column":88},"end":{"line":61,"column":1}},"line":27},"1":{"name":"(anonymous_1)","decl":{"start":{"line":32,"column":24},"end":{"line":32,"column":25}},"loc":{"start":{"line":32,"column":36},"end":{"line":35,"column":3}},"line":32},"2":{"name":"(anonymous_2)","decl":{"start":{"line":42,"column":17},"end":{"line":42,"column":18}},"loc":{"start":{"line":42,"column":23},"end":{"line":42,"column":36}},"line":42},"3":{"name":"(anonymous_3)","decl":{"start":{"line":51,"column":17},"end":{"line":51,"column":18}},"loc":{"start":{"line":51,"column":23},"end":{"line":51,"column":37}},"line":51}},"branchMap":{},"s":{"0":0,"1":0,"2":0,"3":0,"4":0,"5":0,"6":0,"7":0,"8":0,"9":0,"10":0},"f":{"0":0,"1":0,"2":0,"3":0},"b":{}}
,"/Users/mac/Desktop/Sprout/frontend/app-ignition-tag-registry/src/tags-page/components/dropdown-tag-actions/index.tsx": {"path":"/Users/mac/Desktop/Sprout/frontend/app-ignition-tag-registry/src/tags-page/components/dropdown-tag-actions/index.tsx","statementMap":{"0":{"start":{"line":18,"column":20},"end":{"line":24,"column":1}},"1":{"start":{"line":33,"column":64},"end":{"line":143,"column":1}},"2":{"start":{"line":34,"column":19},"end":{"line":34,"column":38}},"3":{"start":{"line":35,"column":52},"end":{"line":35,"column":82}},"4":{"start":{"line":36,"column":58},"end":{"line":36,"column":88}},"5":{"start":{"line":37,"column":50},"end":{"line":37,"column":80}},"6":{"start":{"line":39,"column":26},"end":{"line":39,"column":46}},"7":{"start":{"line":41,"column":64},"end":{"line":55,"column":3}},"8":{"start":{"line":42,"column":4},"end":{"line":54,"column":50}},"9":{"start":{"line":44,"column":8},"end":{"line":48,"column":10}},"10":{"start":{"line":51,"column":18},"end":{"line":51,"column":75}},"11":{"start":{"line":53,"column":19},"end":{"line":53,"column":112}},"12":{"start":{"line":54,"column":21},"end":{"line":54,"column":48}},"13":{"start":{"line":57,"column":67},"end":{"line":71,"column":3}},"14":{"start":{"line":58,"column":4},"end":{"line":70,"column":53}},"15":{"start":{"line":60,"column":8},"end":{"line":64,"column":10}},"16":{"start":{"line":67,"column":18},"end":{"line":67,"column":78}},"17":{"start":{"line":69,"column":19},"end":{"line":69,"column":114}},"18":{"start":{"line":70,"column":21},"end":{"line":70,"column":51}},"19":{"start":{"line":73,"column":63},"end":{"line":87,"column":3}},"20":{"start":{"line":74,"column":4},"end":{"line":86,"column":49}},"21":{"start":{"line":76,"column":8},"end":{"line":80,"column":10}},"22":{"start":{"line":83,"column":18},"end":{"line":83,"column":74}},"23":{"start":{"line":85,"column":19},"end":{"line":85,"column":111}},"24":{"start":{"line":86,"column":21},"end":{"line":86,"column":47}},"25":{"start":{"line":89,"column":2},"end":{"line":142,"column":4}},"26":{"start":{"line":94,"column":25},"end":{"line":94,"column":51}},"27":{"start":{"line":104,"column":25},"end":{"line":104,"column":54}},"28":{"start":{"line":114,"column":25},"end":{"line":114,"column":50}},"29":{"start":{"line":127,"column":24},"end":{"line":127,"column":51}},"30":{"start":{"line":133,"column":24},"end":{"line":133,"column":54}},"31":{"start":{"line":139,"column":24},"end":{"line":139,"column":50}}},"fnMap":{"0":{"name":"(anonymous_0)","decl":{"start":{"line":33,"column":64},"end":{"line":33,"column":65}},"loc":{"start":{"line":33,"column":94},"end":{"line":143,"column":1}},"line":33},"1":{"name":"(anonymous_1)","decl":{"start":{"line":41,"column":64},"end":{"line":41,"column":65}},"loc":{"start":{"line":41,"column":70},"end":{"line":55,"column":3}},"line":41},"2":{"name":"(anonymous_2)","decl":{"start":{"line":43,"column":15},"end":{"line":43,"column":16}},"loc":{"start":{"line":44,"column":8},"end":{"line":48,"column":10}},"line":44},"3":{"name":"(anonymous_3)","decl":{"start":{"line":51,"column":12},"end":{"line":51,"column":13}},"loc":{"start":{"line":51,"column":18},"end":{"line":51,"column":75}},"line":51},"4":{"name":"(anonymous_4)","decl":{"start":{"line":53,"column":13},"end":{"line":53,"column":14}},"loc":{"start":{"line":53,"column":19},"end":{"line":53,"column":112}},"line":53},"5":{"name":"(anonymous_5)","decl":{"start":{"line":54,"column":15},"end":{"line":54,"column":16}},"loc":{"start":{"line":54,"column":21},"end":{"line":54,"column":48}},"line":54},"6":{"name":"(anonymous_6)","decl":{"start":{"line":57,"column":67},"end":{"line":57,"column":68}},"loc":{"start":{"line":57,"column":73},"end":{"line":71,"column":3}},"line":57},"7":{"name":"(anonymous_7)","decl":{"start":{"line":59,"column":15},"end":{"line":59,"column":16}},"loc":{"start":{"line":60,"column":8},"end":{"line":64,"column":10}},"line":60},"8":{"name":"(anonymous_8)","decl":{"start":{"line":67,"column":12},"end":{"line":67,"column":13}},"loc":{"start":{"line":67,"column":18},"end":{"line":67,"column":78}},"line":67},"9":{"name":"(anonymous_9)","decl":{"start":{"line":69,"column":13},"end":{"line":69,"column":14}},"loc":{"start":{"line":69,"column":19},"end":{"line":69,"column":114}},"line":69},"10":{"name":"(anonymous_10)","decl":{"start":{"line":70,"column":15},"end":{"line":70,"column":16}},"loc":{"start":{"line":70,"column":21},"end":{"line":70,"column":51}},"line":70},"11":{"name":"(anonymous_11)","decl":{"start":{"line":73,"column":63},"end":{"line":73,"column":64}},"loc":{"start":{"line":73,"column":69},"end":{"line":87,"column":3}},"line":73},"12":{"name":"(anonymous_12)","decl":{"start":{"line":75,"column":15},"end":{"line":75,"column":16}},"loc":{"start":{"line":76,"column":8},"end":{"line":80,"column":10}},"line":76},"13":{"name":"(anonymous_13)","decl":{"start":{"line":83,"column":12},"end":{"line":83,"column":13}},"loc":{"start":{"line":83,"column":18},"end":{"line":83,"column":74}},"line":83},"14":{"name":"(anonymous_14)","decl":{"start":{"line":85,"column":13},"end":{"line":85,"column":14}},"loc":{"start":{"line":85,"column":19},"end":{"line":85,"column":111}},"line":85},"15":{"name":"(anonymous_15)","decl":{"start":{"line":86,"column":15},"end":{"line":86,"column":16}},"loc":{"start":{"line":86,"column":21},"end":{"line":86,"column":47}},"line":86},"16":{"name":"(anonymous_16)","decl":{"start":{"line":94,"column":19},"end":{"line":94,"column":20}},"loc":{"start":{"line":94,"column":25},"end":{"line":94,"column":51}},"line":94},"17":{"name":"(anonymous_17)","decl":{"start":{"line":104,"column":19},"end":{"line":104,"column":20}},"loc":{"start":{"line":104,"column":25},"end":{"line":104,"column":54}},"line":104},"18":{"name":"(anonymous_18)","decl":{"start":{"line":114,"column":19},"end":{"line":114,"column":20}},"loc":{"start":{"line":114,"column":25},"end":{"line":114,"column":50}},"line":114},"19":{"name":"(anonymous_19)","decl":{"start":{"line":127,"column":18},"end":{"line":127,"column":19}},"loc":{"start":{"line":127,"column":24},"end":{"line":127,"column":51}},"line":127},"20":{"name":"(anonymous_20)","decl":{"start":{"line":133,"column":18},"end":{"line":133,"column":19}},"loc":{"start":{"line":133,"column":24},"end":{"line":133,"column":54}},"line":133},"21":{"name":"(anonymous_21)","decl":{"start":{"line":139,"column":18},"end":{"line":139,"column":19}},"loc":{"start":{"line":139,"column":24},"end":{"line":139,"column":50}},"line":139}},"branchMap":{"0":{"loc":{"start":{"line":33,"column":67},"end":{"line":33,"column":76}},"type":"default-arg","locations":[{"start":{"line":33,"column":74},"end":{"line":33,"column":76}}],"line":33}},"s":{"0":0,"1":0,"2":0,"3":0,"4":0,"5":0,"6":0,"7":0,"8":0,"9":0,"10":0,"11":0,"12":0,"13":0,"14":0,"15":0,"16":0,"17":0,"18":0,"19":0,"20":0,"21":0,"22":0,"23":0,"24":0,"25":0,"26":0,"27":0,"28":0,"29":0,"30":0,"31":0},"f":{"0":0,"1":0,"2":0,"3":0,"4":0,"5":0,"6":0,"7":0,"8":0,"9":0,"10":0,"11":0,"12":0,"13":0,"14":0,"15":0,"16":0,"17":0,"18":0,"19":0,"20":0,"21":0},"b":{"0":[0]}}
,"/Users/mac/Desktop/Sprout/frontend/app-ignition-tag-registry/src/tags-page/components/tags-table/index.tsx": {"path":"/Users/mac/Desktop/Sprout/frontend/app-ignition-tag-registry/src/tags-page/components/tags-table/index.tsx","statementMap":{"0":{"start":{"line":6,"column":24},"end":{"line":6,"column":76}},"1":{"start":{"line":8,"column":20},"end":{"line":10,"column":1}},"2":{"start":{"line":24,"column":46},"end":{"line":51,"column":1}},"3":{"start":{"line":30,"column":27},"end":{"line":30,"column":48}},"4":{"start":{"line":31,"column":35},"end":{"line":31,"column":51}},"5":{"start":{"line":33,"column":2},"end":{"line":39,"column":3}},"6":{"start":{"line":34,"column":4},"end":{"line":38,"column":6}},"7":{"start":{"line":40,"column":2},"end":{"line":50,"column":4}}},"fnMap":{"0":{"name":"(anonymous_0)","decl":{"start":{"line":24,"column":46},"end":{"line":24,"column":47}},"loc":{"start":{"line":29,"column":6},"end":{"line":51,"column":1}},"line":29}},"branchMap":{"0":{"loc":{"start":{"line":33,"column":2},"end":{"line":39,"column":3}},"type":"if","locations":[{"start":{"line":33,"column":2},"end":{"line":39,"column":3}},{"start":{},"end":{}}],"line":33}},"s":{"0":0,"1":0,"2":0,"3":0,"4":0,"5":0,"6":0,"7":0},"f":{"0":0},"b":{"0":[0,0]}}
}
